[INFO  - 2019-12-16T10:44:56.342Z] GhostDriver - Main - running on port 58305
[INFO  - 2019-12-16T10:44:57.102Z] Session [19f04ea0-1ff1-11ea-84b8-b1a90aa65ab8] - page.settings - {"XSSAuditingEnabled":false,"javascriptCanCloseWindows":true,"javascriptCanOpenWindows":true,"javascriptEnabled":true,"loadImages":true,"localToRemoteUrlAccessEnabled":false,"userAgent":"Mozilla/5.0 (Unknown; Linux x86_64) AppleWebKit/538.1 (KHTML, like Gecko) PhantomJS/2.1.1 Safari/538.1","webSecurityEnabled":true}
[INFO  - 2019-12-16T10:44:57.103Z] Session [19f04ea0-1ff1-11ea-84b8-b1a90aa65ab8] - page.customHeaders:  - {}
[INFO  - 2019-12-16T10:44:57.103Z] Session [19f04ea0-1ff1-11ea-84b8-b1a90aa65ab8] - Session.negotiatedCapabilities - {"browserName":"phantomjs","version":"2.1.1","driverName":"ghostdriver","driverVersion":"1.2.0","platform":"linux-unknown-64bit","javascriptEnabled":true,"takesScreenshot":true,"handlesAlerts":false,"databaseEnabled":false,"locationContextEnabled":false,"applicationCacheEnabled":false,"browserConnectionEnabled":false,"cssSelectorsEnabled":true,"webStorageEnabled":false,"rotatable":false,"acceptSslCerts":false,"nativeEvents":true,"proxy":{"proxyType":"direct"}}
[INFO  - 2019-12-16T10:44:57.103Z] SessionManagerReqHand - _postNewSessionCommand - New Session Created: 19f04ea0-1ff1-11ea-84b8-b1a90aa65ab8
[ERROR - 2019-12-16T10:45:39.455Z] WebElementLocator - _handleLocateCommand - Element(s) NOT Found: GAVE UP. Search Stop Time: 1576493139452

  phantomjs://platform/console++.js:263 in error
[ERROR - 2019-12-16T10:47:50.226Z] WebElementLocator - _handleLocateCommand - Element(s) NOT Found: GAVE UP. Search Stop Time: 1576493270212

  phantomjs://platform/console++.js:263 in error
[ERROR - 2019-12-16T10:48:48.602Z] WebElementLocator - _handleLocateCommand - Element(s) NOT Found: GAVE UP. Search Stop Time: 1576493328575

  phantomjs://platform/console++.js:263 in error
[ERROR - 2019-12-16T10:49:10.673Z] WebElementLocator - _handleLocateCommand - Element(s) NOT Found: GAVE UP. Search Stop Time: 1576493350651

  phantomjs://platform/console++.js:263 in error
[ERROR - 2019-12-16T10:49:49.653Z] WebElementLocator - _handleLocateCommand - Element(s) NOT Found: GAVE UP. Search Stop Time: 1576493389617

  phantomjs://platform/console++.js:263 in error
[INFO  - 2019-12-16T10:49:56.358Z] SessionManagerReqHand - _cleanupWindowlessSessions - Asynchronous Sessions clean-up phase starting NOW
[ERROR - 2019-12-16T10:53:39.735Z] RouterReqHand - _handle.error - {"name":"Invalid Command Method","message":"{\"headers\":{\"Accept\":\"application[INFO  - 2019-12-16T10:58:24.713Z] SessionManagerReqHand - _cleanupWindowlessSessions - Asynchronous Sessions clean-up phase starting NOW
[INFO  - 2019-12-16T11:03:25.265Z] SessionManagerReqHand - _cleanupWindowlessSessions - Asynchronous Sessions clean-up phase starting NOW
[INFO  - 2019-12-16T11:08:24.798Z] SessionManagerReqHand - _cleanupWindowlessSessions - Asynchronous Sessions clean-up phase starting NOW
[INFO  - 2019-12-16T11:13:24.798Z] SessionManagerReqHand - _cleanupWindowlessSessions - Asynchronous Sessions clean-up phase starting NOW
[INFO  - 2019-12-16T11:18:24.798Z] SessionManagerReqHand - _cleanupWindowlessSessions - Asynchronous Sessions clean-up phase starting NOW
[INFO  - 2019-12-16T11:23:24.798Z] SessionManagerReqHand - _cleanupWindowlessSessions - Asynchronous Sessions clean-up phase starting NOW
[INFO  - 2019-12-16T11:28:24.798Z] SessionManagerReqHand - _cleanupWindowlessSessions - Asynchronous Sessions clean-up phase starting NOW
[INFO  - 2019-12-16T11:33:24.798Z] SessionManagerReqHand - _cleanupWindowlessSessions - Asynchronous Sessions clean-up phase starting NOW
[INFO  - 2019-12-16T11:38:24.798Z] SessionManagerReqHand - _cleanupWindowlessSessions - Asynchronous Sessions clean-up phase starting NOW
ronous Sessions clean-up phase starting NOW
[INFO  - 2019-12-16T10:59:56.710Z] SessionManagerReqHand - _cleanupWindowlessSessions - Asynchronous Sessions clean-up phase starting NOW
[INFO  - 2019-12-16T11:04:56.711Z] SessionManagerReqHand - _cleanupWindowlessSessions - Asynchronous Sessions clean-up phase starting NOW
[INFO  - 2019-12-16T11:09:56.710Z] SessionManagerReqHand - _cleanupWindowlessSessions - Asynchronous Sessions clean-up phase starting NOW
[INFO  - 2019-12-16T11:14:56.710Z] SessionManagerReqHand - _cleanupWindowlessSessions - Asynchronous Sessions clean-up phase starting NOW
[INFO  - 2019-12-16T11:19:56.711Z] SessionManagerReqHand - _cleanupWindowlessSessions - Asynchronous Sessions clean-up phase starting NOW
[INFO  - 2019-12-16T11:24:56.711Z] SessionManagerReqHand - _cleanupWindowlessSessions - Asynchronous Sessions clean-up phase starting NOW
[INFO  - 2019-12-16T11:29:56.711Z] SessionManagerReqHand - _cleanupWindowlessSessions - Asynchronous Sessions clean-up phase starting NOW
[INFO  - 2019-12-16T11:34:56.711Z] SessionManagerReqHand - _cleanupWindowlessSessions - Asynchronous Sessions clean-up phase starting NOW
[INFO  - 2019-12-16T11:39:56.711Z] SessionManagerReqHand - _cleanupWindowlessSessions - Asynchronous Sessions clean-up phase starting NOW
